<?xml version="1.0" encoding="UTF-8" ?>
<testsuite errors="0" failures="1" hostname="Stephanies-MacBook-Pro-2.local" name="com.flatironschool.javacs.WikiPhilosophyTest" skipped="0" tests="1" time="9.441" timestamp="2016-07-18T07:25:46">
  <properties>
[...]
</properties>
  <testcase classname="com.flatironschool.javacs.WikiPhilosophyTest" name="testMain" time="9.058">
    <failure type="junit.framework.AssertionFailedError">junit.framework.AssertionFailedError
	at com.flatironschool.javacs.WikiPhilosophyTest.testMain(WikiPhilosophyTest.java:32)
</failure>
  </testcase>
  <system-out><![CDATA[Visiting: https://en.wikipedia.org/wiki/Java_(programming_language)
Visiting: https://en.wikipedia.org/wiki/Programming_language
Visiting: https://en.wikipedia.org/wiki/Formal_language
Visiting: https://en.wikipedia.org/wiki/Mathematics
Visiting: https://en.wikipedia.org/wiki/Ancient_Greek
Visiting: https://en.wikipedia.org/wiki/Greek_language
Visiting: https://en.wikipedia.org#cite_note-10
Visiting: https://en.wikipedia.org/wiki/California_State_Route_56
Visiting: https://en.wikipedia.org/wiki/File:California_56.svg
Visiting: https://en.wikipedia.orghttp://mutcd.fhwa.dot.gov/kno-colorspec.htm
]]></system-out>
  <system-err><![CDATA[java.net.UnknownHostException: en.wikipedia.orghttp
	at java.net.AbstractPlainSocketImpl.connect(AbstractPlainSocketImpl.java:184)
	at java.net.SocksSocketImpl.connect(SocksSocketImpl.java:392)
	at java.net.Socket.connect(Socket.java:589)
	at sun.security.ssl.SSLSocketImpl.connect(SSLSocketImpl.java:668)
	at sun.net.NetworkClient.doConnect(NetworkClient.java:175)
	at sun.net.www.http.HttpClient.openServer(HttpClient.java:432)
	at sun.net.www.http.HttpClient.openServer(HttpClient.java:527)
	at sun.net.www.protocol.https.HttpsClient.<init>(HttpsClient.java:264)
	at sun.net.www.protocol.https.HttpsClient.New(HttpsClient.java:367)
	at sun.net.www.protocol.https.AbstractDelegateHttpsURLConnection.getNewHttpClient(AbstractDelegateHttpsURLConnection.java:191)
	at sun.net.www.protocol.http.HttpURLConnection.plainConnect0(HttpURLConnection.java:1105)
	at sun.net.www.protocol.http.HttpURLConnection.plainConnect(HttpURLConnection.java:999)
	at sun.net.www.protocol.https.AbstractDelegateHttpsURLConnection.connect(AbstractDelegateHttpsURLConnection.java:177)
	at sun.net.www.protocol.https.HttpsURLConnectionImpl.connect(HttpsURLConnectionImpl.java:153)
	at org.jsoup.helper.HttpConnection$Response.execute(HttpConnection.java:512)
	at org.jsoup.helper.HttpConnection$Response.execute(HttpConnection.java:493)
	at org.jsoup.helper.HttpConnection.execute(HttpConnection.java:205)
	at org.jsoup.helper.HttpConnection.get(HttpConnection.java:194)
	at com.flatironschool.javacs.WikiFetcher.fetchWikipedia(WikiFetcher.java:30)
	at com.flatironschool.javacs.WikiPhilosophy.main(WikiPhilosophy.java:38)
	at com.flatironschool.javacs.WikiPhilosophyTest.testMain(WikiPhilosophyTest.java:29)
	at sun.reflect.NativeMethodAccessorImpl.invoke0(Native Method)
	at sun.reflect.NativeMethodAccessorImpl.invoke(NativeMethodAccessorImpl.java:62)
	at sun.reflect.DelegatingMethodAccessorImpl.invoke(DelegatingMethodAccessorImpl.java:43)
	at java.lang.reflect.Method.invoke(Method.java:498)
	at org.junit.runners.model.FrameworkMethod$1.runReflectiveCall(FrameworkMethod.java:50)
	at org.junit.internal.runners.model.ReflectiveCallable.run(ReflectiveCallable.java:12)
	at org.junit.runners.model.FrameworkMethod.invokeExplosively(FrameworkMethod.java:47)
	at org.junit.internal.runners.statements.InvokeMethod.evaluate(InvokeMethod.java:17)
	at org.junit.runners.ParentRunner.runLeaf(ParentRunner.java:325)
	at org.junit.runners.BlockJUnit4ClassRunner.runChild(BlockJUnit4ClassRunner.java:78)
	at org.junit.runners.BlockJUnit4ClassRunner.runChild(BlockJUnit4ClassRunner.java:57)
	at org.junit.runners.ParentRunner$3.run(ParentRunner.java:290)
	at org.junit.runners.ParentRunner$1.schedule(ParentRunner.java:71)
	at org.junit.runners.ParentRunner.runChildren(ParentRunner.java:288)
	at org.junit.runners.ParentRunner.access$000(ParentRunner.java:58)
	at org.junit.runners.ParentRunner$2.evaluate(ParentRunner.java:268)
	at org.junit.runners.ParentRunner.run(ParentRunner.java:363)
	at junit.framework.JUnit4TestAdapter.run(JUnit4TestAdapter.java:38)
	at org.apache.tools.ant.taskdefs.optional.junit.JUnitTestRunner.run(JUnitTestRunner.java:535)
	at org.apache.tools.ant.taskdefs.optional.junit.JUnitTestRunner.launch(JUnitTestRunner.java:1182)
	at org.apache.tools.ant.taskdefs.optional.junit.JUnitTestRunner.main(JUnitTestRunner.java:1033)
]]></system-err>
</testsuite>
